<Root>
	<commands>
		<cmd name="FormatUpdate" _label="Update" _tip="Update the whole tree"/>
		<cmd name="FileOpen" _label="_Open" _tip="Open dir"/>
		<cmd name="FileSave" _label="_Save" _tip="Save dir"/>
		<cmd name="FileExit" _label="_Exit" _tip="Exit"/>
	</commands>
	
	<menu>
		<submenu name="File" _label="_File">
            <menuitem name="FileOpen" verb=""/>
            <menuitem name="FileSave" verb=""/>
            <menuitem name="FileExit" verb=""/>
		</submenu>
		<submenu name="Format" _label="_Format">
            <menuitem name="FormatUpdate" verb=""/>
		</submenu>
	</menu>
</Root>
